{
  "RSpec": {
    "coverage": {
      "/Users/jamesanderson/Turing/mod_3/apicurious/app/helpers/application_helper.rb": [
        1,
        null
      ],
      "/Users/jamesanderson/Turing/mod_3/apicurious/app/services/github_service.rb": [
        1,
        1,
        null,
        1,
        null,
        0,
        0,
        0,
        null,
        null,
        1,
        0,
        null,
        null,
        1,
        0,
        null,
        null,
        1,
        0,
        null,
        null,
        1,
        0,
        null,
        null,
        1,
        0,
        null,
        null,
        1,
        0,
        null,
        null,
        1,
        0,
        null,
        null,
        1,
        null,
        1,
        0,
        null,
        null,
        null
      ],
      "/Users/jamesanderson/Turing/mod_3/apicurious/app/channels/application_cable/channel.rb": [
        0,
        0,
        0,
        0
      ],
      "/Users/jamesanderson/Turing/mod_3/apicurious/app/channels/application_cable/connection.rb": [
        0,
        0,
        0,
        0
      ],
      "/Users/jamesanderson/Turing/mod_3/apicurious/app/controllers/application_controller.rb": [
        0,
        0,
        0,
        0,
        0,
        0,
        0,
        0,
        0,
        0,
        0,
        0,
        0,
        0,
        0
      ],
      "/Users/jamesanderson/Turing/mod_3/apicurious/app/controllers/dashboard_controller.rb": [
        0,
        0,
        0,
        0,
        0,
        0,
        0
      ],
      "/Users/jamesanderson/Turing/mod_3/apicurious/app/controllers/home_controller.rb": [
        0,
        0,
        0,
        0
      ],
      "/Users/jamesanderson/Turing/mod_3/apicurious/app/controllers/sessions_controller.rb": [
        0,
        0,
        0,
        0,
        0,
        0,
        0,
        0,
        0,
        0,
        0,
        0,
        0,
        0,
        0,
        0,
        0
      ],
      "/Users/jamesanderson/Turing/mod_3/apicurious/app/controllers/user/events_controller.rb": [
        0,
        0,
        0,
        0,
        0,
        0,
        0,
        0
      ],
      "/Users/jamesanderson/Turing/mod_3/apicurious/app/controllers/user/followers_controller.rb": [
        0,
        0,
        0,
        0,
        0,
        0,
        0
      ],
      "/Users/jamesanderson/Turing/mod_3/apicurious/app/controllers/user/following_controller.rb": [
        0,
        0,
        0,
        0,
        0,
        0,
        0,
        0
      ],
      "/Users/jamesanderson/Turing/mod_3/apicurious/app/controllers/user/organizations_controller.rb": [
        0,
        0,
        0,
        0,
        0,
        0,
        0
      ],
      "/Users/jamesanderson/Turing/mod_3/apicurious/app/controllers/user/received_events_controller.rb": [
        0,
        0,
        0,
        0,
        0
      ],
      "/Users/jamesanderson/Turing/mod_3/apicurious/app/controllers/user/repos_controller.rb": [
        0,
        0,
        0,
        0,
        0,
        0,
        0
      ],
      "/Users/jamesanderson/Turing/mod_3/apicurious/app/controllers/user/starred_repos_controller.rb": [
        0,
        0,
        0,
        0,
        0,
        0,
        0
      ],
      "/Users/jamesanderson/Turing/mod_3/apicurious/app/jobs/application_job.rb": [
        0,
        0
      ],
      "/Users/jamesanderson/Turing/mod_3/apicurious/app/mailers/application_mailer.rb": [
        0,
        0,
        0,
        0
      ],
      "/Users/jamesanderson/Turing/mod_3/apicurious/app/models/application_record.rb": [
        0,
        0,
        0
      ],
      "/Users/jamesanderson/Turing/mod_3/apicurious/app/models/event.rb": [
        0,
        0,
        0,
        0,
        0,
        0,
        0,
        0,
        0
      ],
      "/Users/jamesanderson/Turing/mod_3/apicurious/app/models/follower.rb": [
        0,
        0,
        0,
        0,
        0,
        0,
        0,
        0,
        0
      ],
      "/Users/jamesanderson/Turing/mod_3/apicurious/app/models/following.rb": [
        0,
        0,
        0,
        0,
        0,
        0,
        0,
        0,
        0,
        0
      ],
      "/Users/jamesanderson/Turing/mod_3/apicurious/app/models/github_user.rb": [
        0,
        0,
        0,
        0,
        0,
        0,
        0,
        0,
        0
      ],
      "/Users/jamesanderson/Turing/mod_3/apicurious/app/models/organization.rb": [
        0,
        0,
        0,
        0,
        0,
        0,
        0,
        0,
        0
      ],
      "/Users/jamesanderson/Turing/mod_3/apicurious/app/models/received_event.rb": [
        0,
        0,
        0,
        0,
        0,
        0,
        0,
        0,
        0
      ],
      "/Users/jamesanderson/Turing/mod_3/apicurious/app/models/repository.rb": [
        0,
        0,
        0,
        0,
        0,
        0,
        0,
        0,
        0,
        0
      ],
      "/Users/jamesanderson/Turing/mod_3/apicurious/app/models/starred_repo.rb": [
        0,
        0,
        0,
        0,
        0,
        0,
        0,
        0,
        0
      ],
      "/Users/jamesanderson/Turing/mod_3/apicurious/app/models/user.rb": [
        0,
        0,
        0,
        0,
        0,
        0,
        0,
        0,
        0,
        0,
        0,
        0,
        0,
        0,
        0,
        0,
        0,
        0,
        0,
        0
      ],
      "/Users/jamesanderson/Turing/mod_3/apicurious/app/services/github_oauth.rb": [
        0,
        0,
        0,
        0,
        0,
        0,
        0,
        0,
        0,
        0,
        0,
        0,
        0,
        0,
        0,
        0,
        0,
        0,
        0,
        0,
        0
      ]
    },
    "timestamp": 1490291891
  }
}
